kotlin version: 2.0.0
error message: org.jetbrains.kotlin.backend.common.BackendException: Backend Internal error: Exception during IR lowering
File being compiled: /Users/adwkhaqim/Haqim/pinggiran/silpusitron/feature/landingpage/src/main/java/com/haltec/silpusitron/feature/landingpage/ui/splash/MySplashScreen.kt
The root cause java.lang.RuntimeException was thrown at: org.jetbrains.kotlin.backend.jvm.codegen.FunctionCodegen.generate(FunctionCodegen.kt:50)
	at org.jetbrains.kotlin.backend.common.CodegenUtil.reportBackendException(CodegenUtil.kt:253)
	at org.jetbrains.kotlin.backend.common.CodegenUtil.reportBackendException$default(CodegenUtil.kt:236)
	at org.jetbrains.kotlin.backend.common.phaser.PerformByIrFilePhase.invokeSequential(performByIrFile.kt:65)
	at org.jetbrains.kotlin.backend.common.phaser.PerformByIrFilePhase.invoke(performByIrFile.kt:52)
	at org.jetbrains.kotlin.backend.common.phaser.PerformByIrFilePhase.invoke(performByIrFile.kt:38)
	at org.jetbrains.kotlin.backend.common.phaser.NamedCompilerPhase.phaseBody(CompilerPhase.kt:166)
	at org.jetbrains.kotlin.backend.common.phaser.AbstractNamedCompilerPhase.invoke(CompilerPhase.kt:113)
	at org.jetbrains.kotlin.backend.common.phaser.CompositePhase.invoke(PhaseBuilders.kt:29)
	at org.jetbrains.kotlin.backend.common.phaser.CompositePhase.invoke(PhaseBuilders.kt:16)
	at org.jetbrains.kotlin.backend.common.phaser.NamedCompilerPhase.phaseBody(CompilerPhase.kt:166)
	at org.jetbrains.kotlin.backend.common.phaser.AbstractNamedCompilerPhase.invoke(CompilerPhase.kt:113)
	at org.jetbrains.kotlin.backend.common.phaser.CompilerPhaseKt.invokeToplevel(CompilerPhase.kt:62)
	at org.jetbrains.kotlin.backend.jvm.JvmIrCodegenFactory.invokeCodegen(JvmIrCodegenFactory.kt:371)
	at org.jetbrains.kotlin.codegen.CodegenFactory.generateModule(CodegenFactory.kt:47)
	at org.jetbrains.kotlin.backend.jvm.JvmIrCodegenFactory.generateModuleInFrontendIRMode(JvmIrCodegenFactory.kt:433)
	at org.jetbrains.kotlin.cli.jvm.compiler.pipeline.JvmCompilerPipelineKt.generateCodeFromIr(jvmCompilerPipeline.kt:241)
	at org.jetbrains.kotlin.cli.jvm.compiler.pipeline.JvmCompilerPipelineKt.compileModulesUsingFrontendIrAndLightTree(jvmCompilerPipeline.kt:140)
	at org.jetbrains.kotlin.cli.jvm.K2JVMCompiler.doExecute(K2JVMCompiler.kt:155)
	at org.jetbrains.kotlin.cli.jvm.K2JVMCompiler.doExecute(K2JVMCompiler.kt:50)
	at org.jetbrains.kotlin.cli.common.CLICompiler.execImpl(CLICompiler.kt:104)
	at org.jetbrains.kotlin.cli.common.CLICompiler.execImpl(CLICompiler.kt:48)
	at org.jetbrains.kotlin.cli.common.CLITool.exec(CLITool.kt:101)
	at org.jetbrains.kotlin.incremental.IncrementalJvmCompilerRunner.runCompiler(IncrementalJvmCompilerRunner.kt:453)
	at org.jetbrains.kotlin.incremental.IncrementalJvmCompilerRunner.runCompiler(IncrementalJvmCompilerRunner.kt:62)
	at org.jetbrains.kotlin.incremental.IncrementalCompilerRunner.doCompile(IncrementalCompilerRunner.kt:506)
	at org.jetbrains.kotlin.incremental.IncrementalCompilerRunner.compileImpl(IncrementalCompilerRunner.kt:423)
	at org.jetbrains.kotlin.incremental.IncrementalCompilerRunner.compileNonIncrementally(IncrementalCompilerRunner.kt:301)
	at org.jetbrains.kotlin.incremental.IncrementalCompilerRunner.compile(IncrementalCompilerRunner.kt:129)
	at org.jetbrains.kotlin.daemon.CompileServiceImplBase.execIncrementalCompiler(CompileServiceImpl.kt:676)
	at org.jetbrains.kotlin.daemon.CompileServiceImplBase.access$execIncrementalCompiler(CompileServiceImpl.kt:92)
	at org.jetbrains.kotlin.daemon.CompileServiceImpl.compile(CompileServiceImpl.kt:1661)
	at java.base/jdk.internal.reflect.NativeMethodAccessorImpl.invoke0(Native Method)
	at java.base/jdk.internal.reflect.NativeMethodAccessorImpl.invoke(Unknown Source)
	at java.base/jdk.internal.reflect.DelegatingMethodAccessorImpl.invoke(Unknown Source)
	at java.base/java.lang.reflect.Method.invoke(Unknown Source)
	at java.rmi/sun.rmi.server.UnicastServerRef.dispatch(Unknown Source)
	at java.rmi/sun.rmi.transport.Transport$1.run(Unknown Source)
	at java.rmi/sun.rmi.transport.Transport$1.run(Unknown Source)
	at java.base/java.security.AccessController.doPrivileged(Unknown Source)
	at java.rmi/sun.rmi.transport.Transport.serviceCall(Unknown Source)
	at java.rmi/sun.rmi.transport.tcp.TCPTransport.handleMessages(Unknown Source)
	at java.rmi/sun.rmi.transport.tcp.TCPTransport$ConnectionHandler.run0(Unknown Source)
	at java.rmi/sun.rmi.transport.tcp.TCPTransport$ConnectionHandler.lambda$run$0(Unknown Source)
	at java.base/java.security.AccessController.doPrivileged(Unknown Source)
	at java.rmi/sun.rmi.transport.tcp.TCPTransport$ConnectionHandler.run(Unknown Source)
	at java.base/java.util.concurrent.ThreadPoolExecutor.runWorker(Unknown Source)
	at java.base/java.util.concurrent.ThreadPoolExecutor$Worker.run(Unknown Source)
	at java.base/java.lang.Thread.run(Unknown Source)
Caused by: java.lang.RuntimeException: Exception while generating code for:
FUN name:MySplashScreen visibility:public modality:FINAL <> (modifier:androidx.compose.ui.Modifier, navigate:kotlin.Function0<kotlin.Unit>) returnType:kotlin.Unit
  annotations:
    Composable
  VALUE_PARAMETER name:modifier index:0 type:androidx.compose.ui.Modifier
    EXPRESSION_BODY
      ERROR_EXPR 'Default Stub' type=androidx.compose.ui.Modifier
  VALUE_PARAMETER name:navigate index:1 type:kotlin.Function0<kotlin.Unit>
  BLOCK_BODY
    CALL 'public final fun LaunchedEffect (key1: kotlin.Any?, block: @[ExtensionFunctionType] kotlin.coroutines.SuspendFunction1<kotlinx.coroutines.CoroutineScope, kotlin.Unit>): kotlin.Unit declared in androidx.compose.runtime.EffectsKt' type=kotlin.Unit origin=null
      key1: GET_FIELD 'FIELD FIELD_FOR_OBJECT_INSTANCE name:INSTANCE type:kotlin.Unit visibility:public [final,static]' type=kotlin.Unit origin=null
      block: BLOCK type=com.haltec.silpusitron.feature.landingpage.ui.splash.MySplashScreenKt.MySplashScreen.<no name provided> origin=null
        CLASS SUSPEND_LAMBDA CLASS name:<no name provided> modality:FINAL visibility:public/*package*/ superTypes:[kotlin.coroutines.jvm.internal.SuspendLambda; kotlin.jvm.functions.Function2<kotlinx.coroutines.CoroutineScope, kotlin.coroutines.Continuation<kotlin.Unit>?, kotlin.Any?>]
          $this: VALUE_PARAMETER INSTANCE_RECEIVER name:<this> type:com.haltec.silpusitron.feature.landingpage.ui.splash.MySplashScreenKt.MySplashScreen.<no name provided>
          FIELD name:label type:kotlin.Int visibility:public/*package*/
          CONSTRUCTOR SUSPEND_LAMBDA visibility:public/*package*/ <> ($navigate:kotlin.Function0<kotlin.Unit>, $completion:kotlin.coroutines.Continuation<com.haltec.silpusitron.feature.landingpage.ui.splash.MySplashScreenKt.MySplashScreen.<no name provided>>?) returnType:com.haltec.silpusitron.feature.landingpage.ui.splash.MySplashScreenKt.MySplashScreen.<no name provided> [primary]
            VALUE_PARAMETER BOUND_VALUE_PARAMETER name:$navigate index:0 type:kotlin.Function0<kotlin.Unit>
            VALUE_PARAMETER name:$completion index:1 type:kotlin.coroutines.Continuation<com.haltec.silpusitron.feature.landingpage.ui.splash.MySplashScreenKt.MySplashScreen.<no name provided>>?
            BLOCK_BODY
              SET_FIELD 'FIELD FIELD_FOR_CAPTURED_VALUE name:$navigate type:kotlin.Function0<kotlin.Unit> visibility:public/*package*/ [final]' type=kotlin.Unit origin=INITIALIZER_OF_FIELD_FOR_CAPTURED_VALUE
                receiver: GET_VAR '<this>: com.haltec.silpusitron.feature.landingpage.ui.splash.MySplashScreenKt.MySplashScreen.<no name provided> declared in com.haltec.silpusitron.feature.landingpage.ui.splash.MySplashScreenKt.MySplashScreen.<no name provided>' type=com.haltec.silpusitron.feature.landingpage.ui.splash.MySplashScreenKt.MySplashScreen.<no name provided> origin=null
                value: GET_VAR '$navigate: kotlin.Function0<kotlin.Unit> declared in com.haltec.silpusitron.feature.landingpage.ui.splash.MySplashScreenKt.MySplashScreen.<no name provided>.<init>' type=kotlin.Function0<kotlin.Unit> origin=null
              DELEGATING_CONSTRUCTOR_CALL 'public constructor <init> (arity: kotlin.Int, $completion: kotlin.coroutines.Continuation<kotlin.Any?>?) declared in kotlin.coroutines.jvm.internal.SuspendLambda'
                arity: CONST Int type=kotlin.Int value=2
                $completion: GET_VAR '$completion: kotlin.coroutines.Continuation<com.haltec.silpusitron.feature.landingpage.ui.splash.MySplashScreenKt.MySplashScreen.<no name provided>>? declared in com.haltec.silpusitron.feature.landingpage.ui.splash.MySplashScreenKt.MySplashScreen.<no name provided>.<init>' type=kotlin.coroutines.Continuation<com.haltec.silpusitron.feature.landingpage.ui.splash.MySplashScreenKt.MySplashScreen.<no name provided>>? origin=null
              BLOCK type=kotlin.Unit origin=null
          FUN name:invokeSuspend visibility:public modality:FINAL <> ($this:com.haltec.silpusitron.feature.landingpage.ui.splash.MySplashScreenKt.MySplashScreen.<no name provided>, $result:kotlin.Result<kotlin.Any?>) returnType:kotlin.Any?
            overridden:
              protected abstract fun invokeSuspend ($result: kotlin.Result<kotlin.Any?>): kotlin.Any? declared in kotlin.coroutines.jvm.internal.SuspendLambda
            $this: VALUE_PARAMETER INSTANCE_RECEIVER name:<this> type:com.haltec.silpusitron.feature.landingpage.ui.splash.MySplashScreenKt.MySplashScreen.<no name provided>
            VALUE_PARAMETER name:$result index:0 type:kotlin.Result<kotlin.Any?>
            BLOCK_BODY
              CALL 'public final fun delay (timeMillis: kotlin.Long, $completion: kotlin.coroutines.Continuation<kotlin.Unit>): kotlin.Any? [suspend] declared in kotlinx.coroutines.DelayKt' type=kotlin.Unit origin=null
                timeMillis: CONST Long type=kotlin.Long value=3000
                $completion: GET_VAR '<this>: com.haltec.silpusitron.feature.landingpage.ui.splash.MySplashScreenKt.MySplashScreen.<no name provided> declared in com.haltec.silpusitron.feature.landingpage.ui.splash.MySplashScreenKt.MySplashScreen.<no name provided>.invokeSuspend' type=com.haltec.silpusitron.feature.landingpage.ui.splash.MySplashScreenKt.MySplashScreen.<no name provided> origin=null
              CALL 'public abstract fun invoke (): R of kotlin.Function0 [operator] declared in kotlin.Function0' type=kotlin.Unit origin=INVOKE
                $this: GET_FIELD 'FIELD FIELD_FOR_CAPTURED_VALUE name:$navigate type:kotlin.Function0<kotlin.Unit> visibility:public/*package*/ [final]' type=kotlin.Function0<kotlin.Unit> origin=null
                  receiver: GET_VAR '<this>: com.haltec.silpusitron.feature.landingpage.ui.splash.MySplashScreenKt.MySplashScreen.<no name provided> declared in com.haltec.silpusitron.feature.landingpage.ui.splash.MySplashScreenKt.MySplashScreen.<no name provided>.invokeSuspend' type=com.haltec.silpusitron.feature.landingpage.ui.splash.MySplashScreenKt.MySplashScreen.<no name provided> origin=null
          FUN name:create visibility:public modality:FINAL <> ($this:com.haltec.silpusitron.feature.landingpage.ui.splash.MySplashScreenKt.MySplashScreen.<no name provided>, value:kotlin.Any?, $completion:kotlin.coroutines.Continuation<kotlin.Nothing>) returnType:kotlin.coroutines.Continuation<kotlin.Unit>
            overridden:
              public open fun create (value: kotlin.Any?, $completion: kotlin.coroutines.Continuation<kotlin.Nothing>): kotlin.coroutines.Continuation<kotlin.Unit> declared in kotlin.coroutines.jvm.internal.SuspendLambda
            $this: VALUE_PARAMETER INSTANCE_RECEIVER name:<this> type:com.haltec.silpusitron.feature.landingpage.ui.splash.MySplashScreenKt.MySplashScreen.<no name provided>
            VALUE_PARAMETER name:value index:0 type:kotlin.Any?
            VALUE_PARAMETER name:$completion index:1 type:kotlin.coroutines.Continuation<kotlin.Nothing>
            BLOCK_BODY
              RETURN type=kotlin.Nothing from='public final fun create (value: kotlin.Any?, $completion: kotlin.coroutines.Continuation<kotlin.Nothing>): kotlin.coroutines.Continuation<kotlin.Unit> declared in com.haltec.silpusitron.feature.landingpage.ui.splash.MySplashScreenKt.MySplashScreen.<no name provided>'
                CONSTRUCTOR_CALL 'public/*package*/ constructor <init> ($navigate: kotlin.Function0<kotlin.Unit>, $completion: kotlin.coroutines.Continuation<com.haltec.silpusitron.feature.landingpage.ui.splash.MySplashScreenKt.MySplashScreen.<no name provided>>?) [primary] declared in com.haltec.silpusitron.feature.landingpage.ui.splash.MySplashScreenKt.MySplashScreen.<no name provided>' type=com.haltec.silpusitron.feature.landingpage.ui.splash.MySplashScreenKt.MySplashScreen.<no name provided> origin=null
                  $navigate: GET_FIELD 'FIELD FIELD_FOR_CAPTURED_VALUE name:$navigate type:kotlin.Function0<kotlin.Unit> visibility:public/*package*/ [final]' type=kotlin.Function0<kotlin.Unit> origin=null
                    receiver: GET_VAR '<this>: com.haltec.silpusitron.feature.landingpage.ui.splash.MySplashScreenKt.MySplashScreen.<no name provided> declared in com.haltec.silpusitron.feature.landingpage.ui.splash.MySplashScreenKt.MySplashScreen.<no name provided>.create' type=com.haltec.silpusitron.feature.landingpage.ui.splash.MySplashScreenKt.MySplashScreen.<no name provided> origin=null
                  $completion: GET_VAR '$completion: kotlin.coroutines.Continuation<kotlin.Nothing> declared in com.haltec.silpusitron.feature.landingpage.ui.splash.MySplashScreenKt.MySplashScreen.<no name provided>.create' type=kotlin.coroutines.Continuation<kotlin.Nothing> origin=null
          FUN name:invoke visibility:public modality:FINAL <> ($this:com.haltec.silpusitron.feature.landingpage.ui.splash.MySplashScreenKt.MySplashScreen.<no name provided>, p1:kotlinx.coroutines.CoroutineScope, p2:kotlin.coroutines.Continuation<kotlin.Unit>?) returnType:kotlin.Any?
            overridden:
              public abstract fun invoke (p1: P1 of kotlin.jvm.functions.Function2, p2: P2 of kotlin.jvm.functions.Function2): R of kotlin.jvm.functions.Function2 declared in kotlin.jvm.functions.Function2
            $this: VALUE_PARAMETER INSTANCE_RECEIVER name:<this> type:com.haltec.silpusitron.feature.landingpage.ui.splash.MySplashScreenKt.MySplashScreen.<no name provided>
            VALUE_PARAMETER name:p1 index:0 type:kotlinx.coroutines.CoroutineScope
            VALUE_PARAMETER name:p2 index:1 type:kotlin.coroutines.Continuation<kotlin.Unit>?
            BLOCK_BODY
              RETURN type=kotlin.Nothing from='public final fun invoke (p1: kotlinx.coroutines.CoroutineScope, p2: kotlin.coroutines.Continuation<kotlin.Unit>?): kotlin.Any? declared in com.haltec.silpusitron.feature.landingpage.ui.splash.MySplashScreenKt.MySplashScreen.<no name provided>'
                CALL 'public final fun invokeSuspend ($result: kotlin.Result<kotlin.Any?>): kotlin.Any? declared in com.haltec.silpusitron.feature.landingpage.ui.splash.MySplashScreenKt.MySplashScreen.<no name provided>' type=kotlin.Any? origin=null
                  $this: TYPE_OP type=com.haltec.silpusitron.feature.landingpage.ui.splash.MySplashScreenKt.MySplashScreen.<no name provided> origin=IMPLICIT_CAST typeOperand=com.haltec.silpusitron.feature.landingpage.ui.splash.MySplashScreenKt.MySplashScreen.<no name provided>
                    CALL 'public final fun create (value: kotlin.Any?, $completion: kotlin.coroutines.Continuation<kotlin.Nothing>): kotlin.coroutines.Continuation<kotlin.Unit> declared in com.haltec.silpusitron.feature.landingpage.ui.splash.MySplashScreenKt.MySplashScreen.<no name provided>' type=kotlin.coroutines.Continuation<kotlin.Unit> origin=null
                      $this: GET_VAR '<this>: com.haltec.silpusitron.feature.landingpage.ui.splash.MySplashScreenKt.MySplashScreen.<no name provided> declared in com.haltec.silpusitron.feature.landingpage.ui.splash.MySplashScreenKt.MySplashScreen.<no name provided>.invoke' type=com.haltec.silpusitron.feature.landingpage.ui.splash.MySplashScreenKt.MySplashScreen.<no name provided> origin=null
                      value: GET_VAR 'p1: kotlinx.coroutines.CoroutineScope declared in com.haltec.silpusitron.feature.landingpage.ui.splash.MySplashScreenKt.MySplashScreen.<no name provided>.invoke' type=kotlinx.coroutines.CoroutineScope origin=null
                      $completion: GET_VAR 'p2: kotlin.coroutines.Continuation<kotlin.Unit>? declared in com.haltec.silpusitron.feature.landingpage.ui.splash.MySplashScreenKt.MySplashScreen.<no name provided>.invoke' type=kotlin.coroutines.Continuation<kotlin.Unit>? origin=null
                  $result: CALL 'public final fun <unsafe-coerce> <T, R> (v: T of kotlin.jvm.internal.<unsafe-coerce>): R of kotlin.jvm.internal.<unsafe-coerce> declared in kotlin.jvm.internal' type=kotlin.Result<kotlin.Any?> origin=null
                    <T>: kotlin.Any?
                    <R>: kotlin.Result<kotlin.Any?>
                    v: GET_FIELD 'FIELD FIELD_FOR_OBJECT_INSTANCE name:INSTANCE type:kotlin.Unit visibility:public [final,static]' type=kotlin.Unit origin=null
          FIELD FIELD_FOR_CAPTURED_VALUE name:$navigate type:kotlin.Function0<kotlin.Unit> visibility:public/*package*/ [final]
          FUN BRIDGE name:invoke visibility:public modality:OPEN <> ($this:com.haltec.silpusitron.feature.landingpage.ui.splash.MySplashScreenKt.MySplashScreen.<no name provided>, p1:kotlin.Any?, p2:kotlin.Any?) returnType:kotlin.Any?
            $this: VALUE_PARAMETER INSTANCE_RECEIVER name:<this> type:com.haltec.silpusitron.feature.landingpage.ui.splash.MySplashScreenKt.MySplashScreen.<no name provided>
            VALUE_PARAMETER BRIDGE name:p1 index:0 type:kotlin.Any?
            VALUE_PARAMETER BRIDGE name:p2 index:1 type:kotlin.Any?
            EXPRESSION_BODY
              RETURN type=kotlin.Nothing from='public open fun invoke (p1: kotlin.Any?, p2: kotlin.Any?): kotlin.Any? declared in com.haltec.silpusitron.feature.landingpage.ui.splash.MySplashScreenKt.MySplashScreen.<no name provided>'
                CALL 'public final fun invoke (p1: kotlinx.coroutines.CoroutineScope, p2: kotlin.coroutines.Continuation<kotlin.Unit>?): kotlin.Any? declared in com.haltec.silpusitron.feature.landingpage.ui.splash.MySplashScreenKt.MySplashScreen.<no name provided>' type=kotlin.Any? origin=BRIDGE_DELEGATION
                  $this: GET_VAR '<this>: com.haltec.silpusitron.feature.landingpage.ui.splash.MySplashScreenKt.MySplashScreen.<no name provided> declared in com.haltec.silpusitron.feature.landingpage.ui.splash.MySplashScreenKt.MySplashScreen.<no name provided>.invoke' type=com.haltec.silpusitron.feature.landingpage.ui.splash.MySplashScreenKt.MySplashScreen.<no name provided> origin=null
                  p1: TYPE_OP type=kotlinx.coroutines.CoroutineScope origin=IMPLICIT_CAST typeOperand=kotlinx.coroutines.CoroutineScope
                    GET_VAR 'p1: kotlin.Any? declared in com.haltec.silpusitron.feature.landingpage.ui.splash.MySplashScreenKt.MySplashScreen.<no name provided>.invoke' type=kotlin.Any? origin=null
                  p2: TYPE_OP type=kotlin.coroutines.Continuation<*> origin=IMPLICIT_CAST typeOperand=kotlin.coroutines.Continuation<*>
                    GET_VAR 'p2: kotlin.Any? declared in com.haltec.silpusitron.feature.landingpage.ui.splash.MySplashScreenKt.MySplashScreen.<no name provided>.invoke' type=kotlin.Any? origin=null
        CONSTRUCTOR_CALL 'public/*package*/ constructor <init> ($navigate: kotlin.Function0<kotlin.Unit>, $completion: kotlin.coroutines.Continuation<com.haltec.silpusitron.feature.landingpage.ui.splash.MySplashScreenKt.MySplashScreen.<no name provided>>?) [primary] declared in com.haltec.silpusitron.feature.landingpage.ui.splash.MySplashScreenKt.MySplashScreen.<no name provided>' type=com.haltec.silpusitron.feature.landingpage.ui.splash.MySplashScreenKt.MySplashScreen.<no name provided> origin=null
          $navigate: GET_VAR 'navigate: kotlin.Function0<kotlin.Unit> declared in com.haltec.silpusitron.feature.landingpage.ui.splash.MySplashScreenKt.MySplashScreen' type=kotlin.Function0<kotlin.Unit> origin=null
          $completion: CONST Null type=kotlin.Nothing? value=null
    VAR name:listColors type:kotlin.collections.List<androidx.compose.ui.graphics.Color> [val]
      CALL 'public final fun listOf <T> (vararg elements: T of kotlin.collections.CollectionsKt.listOf): kotlin.collections.List<T of kotlin.collections.CollectionsKt.listOf> declared in kotlin.collections.CollectionsKt' type=kotlin.collections.List<androidx.compose.ui.graphics.Color> origin=null
        <T>: androidx.compose.ui.graphics.Color
        elements: BLOCK type=kotlin.Array<out androidx.compose.ui.graphics.Color> origin=null
          VAR IR_TEMPORARY_VARIABLE name:tmp0 type:kotlin.Array<out androidx.compose.ui.graphics.Color> [val]
            CALL 'public final fun arrayOfNulls <T> (size: kotlin.Int): kotlin.Array<T of kotlin.arrayOfNulls?> declared in kotlin' type=kotlin.Array<out androidx.compose.ui.graphics.Color> origin=null
              <T>: androidx.compose.ui.graphics.Color
              size: CONST Int type=kotlin.Int value=2
          CALL 'public final fun set (index: kotlin.Int, value: T of kotlin.Array): kotlin.Unit [operator] declared in kotlin.Array' type=kotlin.Unit origin=null
            $this: GET_VAR 'val tmp0: kotlin.Array<out androidx.compose.ui.graphics.Color> [val] declared in com.haltec.silpusitron.feature.landingpage.ui.splash.MySplashScreenKt.MySplashScreen' type=kotlin.Array<out androidx.compose.ui.graphics.Color> origin=null
            index: CONST Int type=kotlin.Int value=0
            value: CALL 'public final fun <get-PrimaryVariantLight> (): androidx.compose.ui.graphics.Color declared in com.haltec.silpusitron.core.ui.theme.ColorKt' type=androidx.compose.ui.graphics.Color origin=GET_PROPERTY
          CALL 'public final fun set (index: kotlin.Int, value: T of kotlin.Array): kotlin.Unit [operator] declared in kotlin.Array' type=kotlin.Unit origin=null
            $this: GET_VAR 'val tmp0: kotlin.Array<out androidx.compose.ui.graphics.Color> [val] declared in com.haltec.silpusitron.feature.landingpage.ui.splash.MySplashScreenKt.MySplashScreen' type=kotlin.Array<out androidx.compose.ui.graphics.Color> origin=null
            index: CONST Int type=kotlin.Int value=1
            value: CALL 'public final fun <get-PrimaryLight> (): androidx.compose.ui.graphics.Color declared in com.haltec.silpusitron.core.ui.theme.ColorKt' type=androidx.compose.ui.graphics.Color origin=GET_PROPERTY
          GET_VAR 'val tmp0: kotlin.Array<out androidx.compose.ui.graphics.Color> [val] declared in com.haltec.silpusitron.feature.landingpage.ui.splash.MySplashScreenKt.MySplashScreen' type=kotlin.Array<out androidx.compose.ui.graphics.Color> origin=null
    CALL 'public final fun Box$default (modifier: androidx.compose.ui.Modifier?, contentAlignment: androidx.compose.ui.Alignment?, propagateMinConstraints: kotlin.Boolean, content: @[Composable] @[ExtensionFunctionType] kotlin.Function1<androidx.compose.foundation.layout.BoxScope, kotlin.Unit>, $mask0: kotlin.Int, $handler: kotlin.Any?): kotlin.Unit [inline] declared in androidx.compose.foundation.layout.BoxKt' type=kotlin.Unit origin=DEFAULT_DISPATCH_CALL
      modifier: CALL 'public final fun background$default (brush: androidx.compose.ui.graphics.Brush, shape: androidx.compose.ui.graphics.Shape?, alpha: kotlin.Float, $mask0: kotlin.Int, $handler: kotlin.Any?): androidx.compose.ui.Modifier declared in androidx.compose.foundation.BackgroundKt' type=androidx.compose.ui.Modifier origin=DEFAULT_DISPATCH_CALL
        $receiver: CALL 'public final fun fillMaxSize$default (fraction: kotlin.Float, $mask0: kotlin.Int, $handler: kotlin.Any?): androidx.compose.ui.Modifier declared in androidx.compose.foundation.layout.SizeKt' type=androidx.compose.ui.Modifier origin=DEFAULT_DISPATCH_CALL
          $receiver: GET_VAR 'modifier: androidx.compose.ui.Modifier declared in com.haltec.silpusitron.feature.landingpage.ui.splash.MySplashScreenKt.MySplashScreen' type=androidx.compose.ui.Modifier origin=null
          fraction: COMPOSITE type=kotlin.Float origin=DEFAULT_VALUE
            CONST Float type=kotlin.Float value=0.0
          $mask0: CONST Int type=kotlin.Int value=1
          $handler: CONST Null type=kotlin.Any? value=null
        brush: CALL 'public final fun linearGradient-mHitzGk$default ($this: androidx.compose.ui.graphics.Brush.Companion, colors: kotlin.collections.List<androidx.compose.ui.graphics.Color>, start: androidx.compose.ui.geometry.Offset, end: androidx.compose.ui.geometry.Offset, tileMode: androidx.compose.ui.graphics.TileMode, $mask0: kotlin.Int, $handler: kotlin.Any?): androidx.compose.ui.graphics.Brush declared in androidx.compose.ui.graphics.Brush.Companion' type=androidx.compose.ui.graphics.Brush origin=DEFAULT_DISPATCH_CALL
          $this: GET_FIELD 'FIELD FIELD_FOR_OBJECT_INSTANCE name:Companion type:androidx.compose.ui.graphics.Brush.Companion visibility:public [final,static]' type=androidx.compose.ui.graphics.Brush.Companion origin=null
          colors: GET_VAR 'val listColors: kotlin.collections.List<androidx.compose.ui.graphics.Color> [val] declared in com.haltec.silpusitron.feature.landingpage.ui.splash.MySplashScreenKt.MySplashScreen' type=kotlin.collections.List<androidx.compose.ui.graphics.Color> origin=null
          start: COMPOSITE type=androidx.compose.ui.geometry.Offset origin=DEFAULT_VALUE
            CALL 'public final fun <unsafe-coerce> <T, R> (v: T of kotlin.jvm.internal.<unsafe-coerce>): R of kotlin.jvm.internal.<unsafe-coerce> declared in kotlin.jvm.internal' type=androidx.compose.ui.geometry.Offset origin=null
              <T>: kotlin.Long
              <R>: androidx.compose.ui.geometry.Offset
              v: CONST Long type=kotlin.Long value=0
          end: COMPOSITE type=androidx.compose.ui.geometry.Offset origin=DEFAULT_VALUE
            CALL 'public final fun <unsafe-coerce> <T, R> (v: T of kotlin.jvm.internal.<unsafe-coerce>): R of kotlin.jvm.internal.<unsafe-coerce> declared in kotlin.jvm.internal' type=androidx.compose.ui.geometry.Offset origin=null
              <T>: kotlin.Long
              <R>: androidx.compose.ui.geometry.Offset
              v: CONST Long type=kotlin.Long value=0
          tileMode: COMPOSITE type=androidx.compose.ui.graphics.TileMode origin=DEFAULT_VALUE
            CALL 'public final fun <unsafe-coerce> <T, R> (v: T of kotlin.jvm.internal.<unsafe-coerce>): R of kotlin.jvm.internal.<unsafe-coerce> declared in kotlin.jvm.internal' type=androidx.compose.ui.graphics.TileMode origin=null
              <T>: kotlin.Int
              <R>: androidx.compose.ui.graphics.TileMode
              v: CONST Int type=kotlin.Int value=0
          $mask0: CONST Int type=kotlin.Int value=14
          $handler: CONST Null type=kotlin.Any? value=null
        shape: COMPOSITE type=androidx.compose.ui.graphics.Shape? origin=DEFAULT_VALUE
          CONST Null type=androidx.compose.ui.graphics.Shape? value=null
        alpha: COMPOSITE type=kotlin.Float origin=DEFAULT_VALUE
          CONST Float type=kotlin.Float value=0.0
        $mask0: CONST Int type=kotlin.Int value=6
        $handler: CONST Null type=kotlin.Any? value=null
      contentAlignment: CALL 'public final fun <get-Center> (): androidx.compose.ui.Alignment declared in androidx.compose.ui.Alignment.Companion' type=androidx.compose.ui.Alignment origin=GET_PROPERTY
        $this: GET_FIELD 'FIELD FIELD_FOR_OBJECT_INSTANCE name:Companion type:androidx.compose.ui.Alignment.Companion visibility:public [final,static]' type=androidx.compose.ui.Alignment.Companion origin=null
      propagateMinConstraints: COMPOSITE type=kotlin.Boolean origin=DEFAULT_VALUE
        CONST Boolean type=kotlin.Boolean value=false
      content: BLOCK type=@[ExtensionFunctionType] kotlin.Function1<androidx.compose.foundation.layout.BoxScope, kotlin.Unit> origin=LAMBDA
        COMPOSITE type=kotlin.Unit origin=null
        FUNCTION_REFERENCE 'private final fun MySplashScreen$lambda$0 (): kotlin.Unit declared in com.haltec.silpusitron.feature.landingpage.ui.splash.MySplashScreenKt' type=@[ExtensionFunctionType] kotlin.Function1<androidx.compose.foundation.layout.BoxScope, kotlin.Unit> origin=INLINE_LAMBDA reflectionTarget=null
      $mask0: CONST Int type=kotlin.Int value=4
      $handler: CONST Null type=kotlin.Any? value=null

	at org.jetbrains.kotlin.backend.jvm.codegen.FunctionCodegen.generate(FunctionCodegen.kt:50)
	at org.jetbrains.kotlin.backend.jvm.codegen.FunctionCodegen.generate$default(FunctionCodegen.kt:42)
	at org.jetbrains.kotlin.backend.jvm.codegen.ClassCodegen.generateMethodNode(ClassCodegen.kt:385)
	at org.jetbrains.kotlin.backend.jvm.codegen.ClassCodegen.generateMethod(ClassCodegen.kt:402)
	at org.jetbrains.kotlin.backend.jvm.codegen.ClassCodegen.generate(ClassCodegen.kt:169)
	at org.jetbrains.kotlin.backend.jvm.FileCodegen.lower(JvmPhases.kt:41)
	at org.jetbrains.kotlin.backend.common.phaser.PhaseBuildersKt.makeIrFilePhase$lambda$5(PhaseBuilders.kt:114)
	at org.jetbrains.kotlin.backend.common.phaser.PhaseBuildersKt$createSimpleNamedCompilerPhase$1.phaseBody(PhaseBuilders.kt:71)
	at org.jetbrains.kotlin.backend.common.phaser.SimpleNamedCompilerPhase.phaseBody(CompilerPhase.kt:226)
	at org.jetbrains.kotlin.backend.common.phaser.AbstractNamedCompilerPhase.invoke(CompilerPhase.kt:113)
	at org.jetbrains.kotlin.backend.common.phaser.PerformByIrFilePhase.invokeSequential(performByIrFile.kt:62)
	... 45 more
Caused by: org.jetbrains.kotlin.codegen.CompilationException: Back-end (JVM) Internal error: Couldn't inline method call: CALL 'public final fun Box$default (modifier: androidx.compose.ui.Modifier?, contentAlignment: androidx.compose.ui.Alignment?, propagateMinConstraints: kotlin.Boolean, content: @[Composable] @[ExtensionFunctionType] kotlin.Function1<androidx.compose.foundation.layout.BoxScope, kotlin.Unit>, $mask0: kotlin.Int, $handler: kotlin.Any?): kotlin.Unit [inline] declared in androidx.compose.foundation.layout.BoxKt' type=kotlin.Unit origin=DEFAULT_DISPATCH_CALL
Method: null
File is unknown
The root cause java.lang.IllegalStateException was thrown at: org.jetbrains.kotlin.codegen.inline.SourceCompilerForInlineKt.getMethodNode(SourceCompilerForInline.kt:118)
	at org.jetbrains.kotlin.codegen.inline.InlineCodegen.performInline(InlineCodegen.kt:65)
	at org.jetbrains.kotlin.backend.jvm.codegen.IrInlineCodegen.genInlineCall(IrInlineCodegen.kt:162)
	at org.jetbrains.kotlin.backend.jvm.codegen.IrInlineCallGenerator.genCall(IrInlineCallGenerator.kt:36)
	at org.jetbrains.kotlin.backend.jvm.codegen.ExpressionCodegen.visitCall(ExpressionCodegen.kt:647)
	at org.jetbrains.kotlin.backend.jvm.codegen.ExpressionCodegen.visitCall(ExpressionCodegen.kt:137)
	at org.jetbrains.kotlin.ir.expressions.IrCall.accept(IrCall.kt:24)
	at org.jetbrains.kotlin.backend.jvm.codegen.ExpressionCodegen.visitStatementContainer(ExpressionCodegen.kt:573)
	at org.jetbrains.kotlin.backend.jvm.codegen.ExpressionCodegen.visitBlockBody(ExpressionCodegen.kt:578)
	at org.jetbrains.kotlin.backend.jvm.codegen.ExpressionCodegen.visitBlockBody(ExpressionCodegen.kt:137)
	at org.jetbrains.kotlin.ir.expressions.IrBlockBody.accept(IrBlockBody.kt:20)
	at org.jetbrains.kotlin.backend.jvm.codegen.ExpressionCodegen.generate(ExpressionCodegen.kt:239)
	at org.jetbrains.kotlin.backend.jvm.codegen.FunctionCodegen.doGenerate(FunctionCodegen.kt:121)
	at org.jetbrains.kotlin.backend.jvm.codegen.FunctionCodegen.generate(FunctionCodegen.kt:46)
	... 55 more
Caused by: java.lang.IllegalStateException: couldn't find inline method Landroidx/compose/foundation/layout/BoxKt;.Box$default(Landroidx/compose/ui/Modifier;Landroidx/compose/ui/Alignment;ZLkotlin/jvm/functions/Function1;ILjava/lang/Object;)V
	at org.jetbrains.kotlin.codegen.inline.SourceCompilerForInlineKt.getMethodNode(SourceCompilerForInline.kt:118)
	at org.jetbrains.kotlin.codegen.inline.SourceCompilerForInlineKt.loadCompiledInlineFunction(SourceCompilerForInline.kt:96)
	at org.jetbrains.kotlin.backend.jvm.codegen.IrSourceCompilerForInline.compileInlineFunction(IrSourceCompilerForInline.kt:91)
	at org.jetbrains.kotlin.codegen.inline.InlineCodegen.compileInline(InlineCodegen.kt:43)
	at org.jetbrains.kotlin.codegen.inline.InlineCodegen.performInline(InlineCodegen.kt:51)
	... 67 more


